<?xml version="1.0" encoding="UTF-8"?>
<!-- Generated by org.testng.reporters.JUnitReportReporter -->
<testsuite hostname="TCOE-5414RYW-LX" name="acn.test.GoogleTest" tests="1" failures="0" timestamp="4 Aug 2016 11:54:53 GMT" time="32.047" errors="0">
  <testcase name="Googletest" time="32.047" classname="acn.test.GoogleTest"/>
</testsuite> <!-- acn.test.GoogleTest -->
