<?xml version="1.0" encoding="UTF-8"?>
<!-- Generated by org.testng.reporters.JUnitReportReporter -->
<testsuite hostname="Jahdiel-Reeve-Macatangay.local" name="acn.test.Yahoo" tests="1" failures="0" timestamp="4 Aug 2018 19:06:28 GMT" time="18.211" errors="0">
  <testcase name="Yahoo" time="18.211" classname="acn.test.Yahoo"/>
</testsuite> <!-- acn.test.Yahoo -->
