<?xml version="1.0" encoding="UTF-8"?>
<!-- Generated by org.testng.reporters.JUnitReportReporter -->
<testsuite hostname="Jahdiel-Reeve-Macatangay.local" name="acn.test.BookAFlightTest" tests="1" failures="0" timestamp="4 Aug 2018 19:06:33 GMT" time="18.453" errors="0">
  <testcase name="BookAFlight" time="18.453" classname="acn.test.BookAFlightTest"/>
</testsuite> <!-- acn.test.BookAFlightTest -->
