<?xml version="1.0" encoding="UTF-8"?>
<!-- Generated by org.testng.reporters.JUnitReportReporter -->
<testsuite hostname="Jahdiel-Reeve-Macatangay.local" name="acn.test.GoogleTest" tests="1" failures="0" timestamp="4 Aug 2018 19:06:38 GMT" time="8.294" errors="0">
  <testcase name="Googletest" time="8.294" classname="acn.test.GoogleTest"/>
</testsuite> <!-- acn.test.GoogleTest -->
